<?xml version="1.0" encoding="UTF-8" ?>
<testsuite errors="1" failures="10" hostname="Carene-PC" name="za.games.astar.test.AllTests" skipped="0" tests="17" time="0.252" timestamp="2013-10-11T06:08:38">
  <properties>
[...]
</properties>
  <testcase classname="za.games.astar.test.GameArcadeTest" name="testInputFileFileNotFound" time="0.003" />
  <testcase classname="za.games.astar.test.GameArcadeTest" name="testPlayGame" time="0.004" />
  <testcase classname="za.games.astar.test.GameArcadeTest" name="testMain" time="0.0" />
  <testcase classname="za.games.astar.test.GameArcadeTest" name="testInputFileValid" time="0.001" />
  <testcase classname="za.games.astar.test.FileValidatorTest" name="testHasMoreThanOneStart" time="0.024">
    <failure type="junit.framework.AssertionFailedError">junit.framework.AssertionFailedError
	at za.games.astar.test.FileValidatorTest.testHasMoreThanOneStart(FileValidatorTest.java:98)
</failure>
  </testcase>
  <testcase classname="za.games.astar.test.FileValidatorTest" name="testHasMoreThanOneGoalChar" time="0.001">
    <failure type="junit.framework.AssertionFailedError">junit.framework.AssertionFailedError
	at za.games.astar.test.FileValidatorTest.testHasMoreThanOneGoalChar(FileValidatorTest.java:137)
</failure>
  </testcase>
  <testcase classname="za.games.astar.test.FileValidatorTest" name="testHasStartChar" time="0.0" />
  <testcase classname="za.games.astar.test.FileValidatorTest" name="testHasNoGoalChar" time="0.0">
    <failure type="junit.framework.AssertionFailedError">junit.framework.AssertionFailedError
	at za.games.astar.test.FileValidatorTest.testHasNoGoalChar(FileValidatorTest.java:125)
</failure>
  </testcase>
  <testcase classname="za.games.astar.test.FileValidatorTest" name="testHasGoalChar" time="0.001" />
  <testcase classname="za.games.astar.test.FileValidatorTest" name="testHasNoStartChar" time="0.0">
    <failure type="junit.framework.AssertionFailedError">junit.framework.AssertionFailedError
	at za.games.astar.test.FileValidatorTest.testHasNoStartChar(FileValidatorTest.java:88)
</failure>
  </testcase>
  <testcase classname="za.games.astar.test.FileValidatorTest" name="testValidChars" time="0.001">
    <error type="java.lang.NullPointerException">java.lang.NullPointerException
	at za.games.astar.utils.FileValidator.validateChars(FileValidator.java:49)
	at za.games.astar.test.FileValidatorTest.testValidChars(FileValidatorTest.java:61)
</error>
  </testcase>
  <testcase classname="za.games.astar.test.AStarPlayerTest" name="testSetBufferedReaderIn" time="0.0">
    <failure message="Not yet implemented" type="junit.framework.AssertionFailedError">junit.framework.AssertionFailedError: Not yet implemented
	at za.games.astar.test.AStarPlayerTest.testSetBufferedReaderIn(AStarPlayerTest.java:54)
</failure>
  </testcase>
  <testcase classname="za.games.astar.test.AStarPlayerTest" name="testStart" time="0.001">
    <failure message="Not yet implemented" type="junit.framework.AssertionFailedError">junit.framework.AssertionFailedError: Not yet implemented
	at za.games.astar.test.AStarPlayerTest.testStart(AStarPlayerTest.java:38)
</failure>
  </testcase>
  <testcase classname="za.games.astar.test.AStarPlayerTest" name="testInit" time="0.001">
    <failure message="Not yet implemented" type="junit.framework.AssertionFailedError">junit.framework.AssertionFailedError: Not yet implemented
	at za.games.astar.test.AStarPlayerTest.testInit(AStarPlayerTest.java:33)
</failure>
  </testcase>
  <testcase classname="za.games.astar.test.AStarPlayerTest" name="testCreateTerrainMap" time="0.0">
    <failure message="Not yet implemented" type="junit.framework.AssertionFailedError">junit.framework.AssertionFailedError: Not yet implemented
	at za.games.astar.test.AStarPlayerTest.testCreateTerrainMap(AStarPlayerTest.java:42)
</failure>
  </testcase>
  <testcase classname="za.games.astar.test.AStarPlayerTest" name="testCalculateHeight" time="0.0">
    <failure message="Not yet implemented" type="junit.framework.AssertionFailedError">junit.framework.AssertionFailedError: Not yet implemented
	at za.games.astar.test.AStarPlayerTest.testCalculateHeight(AStarPlayerTest.java:46)
</failure>
  </testcase>
  <testcase classname="za.games.astar.test.AStarPlayerTest" name="testCalculateWidth" time="0.001">
    <failure message="Not yet implemented" type="junit.framework.AssertionFailedError">junit.framework.AssertionFailedError: Not yet implemented
	at za.games.astar.test.AStarPlayerTest.testCalculateWidth(AStarPlayerTest.java:50)
</failure>
  </testcase>
  <system-out><![CDATA[]]></system-out>
  <system-err><![CDATA[java.io.FileNotFoundException: c:\astarAlg\intput.txt (The system cannot find the path specified)
	at java.io.FileInputStream.open(Native Method)
	at java.io.FileInputStream.<init>(FileInputStream.java:138)
	at java.io.FileInputStream.<init>(FileInputStream.java:97)
	at java.io.FileReader.<init>(FileReader.java:58)
	at za.games.astar.GameArcade.readInputFile(GameArcade.java:81)
	at za.games.astar.GameArcade.<init>(GameArcade.java:39)
	at za.games.astar.test.GameArcadeTest.testInputFileFileNotFound(GameArcadeTest.java:53)
	at sun.reflect.NativeMethodAccessorImpl.invoke0(Native Method)
	at sun.reflect.NativeMethodAccessorImpl.invoke(NativeMethodAccessorImpl.java:57)
	at sun.reflect.DelegatingMethodAccessorImpl.invoke(DelegatingMethodAccessorImpl.java:43)
	at java.lang.reflect.Method.invoke(Method.java:601)
	at junit.framework.TestCase.runTest(TestCase.java:168)
	at junit.framework.TestCase.runBare(TestCase.java:134)
	at junit.framework.TestResult$1.protect(TestResult.java:110)
	at junit.framework.TestResult.runProtected(TestResult.java:128)
	at junit.framework.TestResult.run(TestResult.java:113)
	at junit.framework.TestCase.run(TestCase.java:124)
	at junit.framework.TestSuite.runTest(TestSuite.java:243)
	at junit.framework.TestSuite.run(TestSuite.java:238)
	at junit.framework.TestSuite.runTest(TestSuite.java:243)
	at junit.framework.TestSuite.run(TestSuite.java:238)
	at org.apache.tools.ant.taskdefs.optional.junit.JUnitTestRunner.run(JUnitTestRunner.java:523)
	at org.apache.tools.ant.taskdefs.optional.junit.JUnitTestRunner.launch(JUnitTestRunner.java:1063)
	at org.apache.tools.ant.taskdefs.optional.junit.JUnitTestRunner.main(JUnitTestRunner.java:914)
java.io.FileNotFoundException: c:\astarAlg\intput.txt (The system cannot find the path specified)
	at java.io.FileInputStream.open(Native Method)
	at java.io.FileInputStream.<init>(FileInputStream.java:138)
	at java.io.FileInputStream.<init>(FileInputStream.java:97)
	at java.io.FileReader.<init>(FileReader.java:58)
	at za.games.astar.GameArcade.readInputFile(GameArcade.java:81)
	at za.games.astar.GameArcade.<init>(GameArcade.java:39)
	at za.games.astar.test.GameArcadeTest.testPlayGame(GameArcadeTest.java:66)
	at sun.reflect.NativeMethodAccessorImpl.invoke0(Native Method)
	at sun.reflect.NativeMethodAccessorImpl.invoke(NativeMethodAccessorImpl.java:57)
	at sun.reflect.DelegatingMethodAccessorImpl.invoke(DelegatingMethodAccessorImpl.java:43)
	at java.lang.reflect.Method.invoke(Method.java:601)
	at junit.framework.TestCase.runTest(TestCase.java:168)
	at junit.framework.TestCase.runBare(TestCase.java:134)
	at junit.framework.TestResult$1.protect(TestResult.java:110)
	at junit.framework.TestResult.runProtected(TestResult.java:128)
	at junit.framework.TestResult.run(TestResult.java:113)
	at junit.framework.TestCase.run(TestCase.java:124)
	at junit.framework.TestSuite.runTest(TestSuite.java:243)
	at junit.framework.TestSuite.run(TestSuite.java:238)
	at junit.framework.TestSuite.runTest(TestSuite.java:243)
	at junit.framework.TestSuite.run(TestSuite.java:238)
	at org.apache.tools.ant.taskdefs.optional.junit.JUnitTestRunner.run(JUnitTestRunner.java:523)
	at org.apache.tools.ant.taskdefs.optional.junit.JUnitTestRunner.launch(JUnitTestRunner.java:1063)
	at org.apache.tools.ant.taskdefs.optional.junit.JUnitTestRunner.main(JUnitTestRunner.java:914)
]]></system-err>
</testsuite>
