<?xml version="1.0" encoding="UTF-8" ?>
<testsuite errors="1" failures="10" hostname="Carene-PC" name="za.games.astar.test.AllTests" skipped="0" tests="17" time="0.252" timestamp="2013-10-11T06:08:38">
  <properties>
    <property name="java.vendor" value="Oracle Corporation" />
    <property name="lib.dir" value="lib" />
    <property name="sun.java.launcher" value="SUN_STANDARD" />
    <property name="sun.management.compiler" value="HotSpot Client Compiler" />
    <property name="os.name" value="Windows 7" />
    <property name="sun.boot.class.path" value="C:\Program Files\Java\jdk1.7.0_01\jre\lib\resources.jar;C:\Program Files\Java\jdk1.7.0_01\jre\lib\rt.jar;C:\Program Files\Java\jdk1.7.0_01\jre\lib\sunrsasign.jar;C:\Program Files\Java\jdk1.7.0_01\jre\lib\jsse.jar;C:\Program Files\Java\jdk1.7.0_01\jre\lib\jce.jar;C:\Program Files\Java\jdk1.7.0_01\jre\lib\charsets.jar;C:\Program Files\Java\jdk1.7.0_01\jre\classes" />
    <property name="sun.desktop" value="windows" />
    <property name="java.vm.specification.vendor" value="Oracle Corporation" />
    <property name="ant.home" value="C:\Program Files\ant\apache-ant-1.9.2-bin\apache-ant-1.9.2" />
    <property name="resource.dir" value="src/resources" />
    <property name="java.runtime.version" value="1.7.0_01-b08" />
    <property name="user.name" value="Carene" />
    <property name="author" value="Carene Smith" />
    <property name="user.language" value="en" />
    <property name="sun.boot.library.path" value="C:\Program Files\Java\jdk1.7.0_01\jre\bin" />
    <property name="ant.project.default-target" value="test" />
    <property name="ant.project.name" value="ArcaseGame" />
    <property name="java.version" value="1.7.0_01" />
    <property name="user.timezone" value="" />
    <property name="sun.arch.data.model" value="32" />
    <property name="java.endorsed.dirs" value="C:\Program Files\Java\jdk1.7.0_01\jre\lib\endorsed" />
    <property name="sun.cpu.isalist" value="pentium_pro+mmx pentium_pro pentium+mmx pentium i486 i386 i86" />
    <property name="sun.jnu.encoding" value="Cp1252" />
    <property name="file.encoding.pkg" value="sun.io" />
    <property name="file.separator" value="\" />
    <property name="java.specification.name" value="Java Platform API Specification" />
    <property name="classes.dir" value="bin" />
    <property name="java.class.version" value="51.0" />
    <property name="user.country" value="US" />
    <property name="java.home" value="C:\Program Files\Java\jdk1.7.0_01\jre" />
    <property name="java.vm.info" value="mixed mode" />
    <property name="main-class" value="za.games.astar.GameArcade" />
    <property name="ant.file" value="C:\JUNIT_WORKSPACE\GameArcade\build.xml" />
    <property name="os.version" value="6.1" />
    <property name="path.separator" value=";" />
    <property name="java.vm.version" value="21.1-b02" />
    <property name="user.variant" value="" />
    <property name="ant.library.dir" value="C:\Program Files\ant\apache-ant-1.9.2-bin\apache-ant-1.9.2\lib" />
    <property name="testfile" value="c:\junit\input.txt" />
    <property name="java.awt.printerjob" value="sun.awt.windows.WPrinterJob" />
    <property name="sun.io.unicode.encoding" value="UnicodeLittle" />
    <property name="awt.toolkit" value="sun.awt.windows.WToolkit" />
    <property name="user.script" value="" />
    <property name="user.home" value="C:\Users\Carene" />
    <property name="java.specification.vendor" value="Oracle Corporation" />
    <property name="java.library.path" value="C:\Program Files\Java\jdk1.7.0_01\jre\bin;C:\Windows\Sun\Java\bin;C:\Windows\system32;C:\Windows;C:\Program Files\PC Connectivity Solution\;C:\Windows\system32;C:\Windows;C:\Windows\System32\Wbem;C:\Windows\System32\WindowsPowerShell\v1.0\;C:\Program Files\Java\jdk1.7.0_01\\bin;C:\Program Files\ant\apache-ant-1.9.2-bin\apache-ant-1.9.2\bin;." />
    <property name="java.vendor.url" value="http://java.oracle.com/" />
    <property name="ant.file.type.ArcaseGame" value="file" />
    <property name="java.vm.vendor" value="Oracle Corporation" />
    <property name="java.runtime.name" value="Java(TM) SE Runtime Environment" />
    <property name="sun.java.command" value="org.apache.tools.ant.taskdefs.optional.junit.JUnitTestRunner za.games.astar.test.AllTests filtertrace=true haltOnError=false haltOnFailure=false formatter=org.apache.tools.ant.taskdefs.optional.junit.SummaryJUnitResultFormatter showoutput=false outputtoformatters=true logfailedtests=true logtestlistenerevents=false formatter=org.apache.tools.ant.taskdefs.optional.junit.XMLJUnitResultFormatter,C:\JUNIT_WORKSPACE\GameArcade\${junit.out.dir.xml}\TEST-za.games.astar.test.AllTests.xml crashfile=C:\JUNIT_WORKSPACE\GameArcade\junitvmwatcher915280610310092542.properties propsfile=C:\JUNIT_WORKSPACE\GameArcade\junit1308688087892161551.properties" />
    <property name="java.class.path" value="C:\JUNIT_WORKSPACE\GameArcade\lib\junit-4.9b2.jar;C:\JUNIT_WORKSPACE\GameArcade\lib\junit.jar;C:\JUNIT_WORKSPACE\GameArcade\lib\log4j-1.2.15.jar;C:\JUNIT_WORKSPACE\GameArcade\bin;C:\JUNIT_WORKSPACE\GameArcade\bin\resources;C:\JUNIT_WORKSPACE\GameArcade;C:\JUNIT_WORKSPACE\AStartAlgorithm\src\za\co\games;C:\Program Files\ant\apache-ant-1.9.2-bin\apache-ant-1.9.2\lib\ant-launcher.jar;C:\Program Files\ant\apache-ant-1.9.2-bin\apache-ant-1.9.2\lib\ant.jar;C:\Program Files\ant\apache-ant-1.9.2-bin\apache-ant-1.9.2\lib\ant-junit.jar;C:\Program Files\ant\apache-ant-1.9.2-bin\apache-ant-1.9.2\lib\ant-junit4.jar" />
    <property name="ant.version" value="Apache Ant(TM) version 1.9.2 compiled on July 8 2013" />
    <property name="ant.file.ArcaseGame" value="C:\JUNIT_WORKSPACE\GameArcade\build.xml" />
    <property name="java.vm.specification.name" value="Java Virtual Machine Specification" />
    <property name="ant.file.type" value="file" />
    <property name="java.vm.specification.version" value="1.7" />
    <property name="sun.cpu.endian" value="little" />
    <property name="sun.os.patch.level" value="Service Pack 1" />
    <property name="java.io.tmpdir" value="C:\Users\Carene\AppData\Local\Temp\" />
    <property name="java.vendor.url.bug" value="http://bugreport.sun.com/bugreport/" />
    <property name="os.arch" value="x86" />
    <property name="java.awt.graphicsenv" value="sun.awt.Win32GraphicsEnvironment" />
    <property name="java.ext.dirs" value="C:\Program Files\Java\jdk1.7.0_01\jre\lib\ext;C:\Windows\Sun\Java\lib\ext" />
    <property name="buildversion" value="1.0.0.0" />
    <property name="user.dir" value="C:\JUNIT_WORKSPACE\GameArcade" />
    <property name="line.separator" value="&#xd;&#xa;" />
    <property name="java.vm.name" value="Java HotSpot(TM) Client VM" />
    <property name="basedir" value="C:\JUNIT_WORKSPACE\GameArcade" />
    <property name="ant.java.version" value="1.7" />
    <property name="ant.core.lib" value="C:\Program Files\ant\apache-ant-1.9.2-bin\apache-ant-1.9.2\lib\ant.jar" />
    <property name="file.encoding" value="Cp1252" />
    <property name="java.specification.version" value="1.7" />
    <property name="src.dir" value="src" />
    <property name="ant.project.invoked-targets" value="testsuite" />
    <property name="javadoc.dir" value="doc" />
  </properties>
  <testcase classname="za.games.astar.test.GameArcadeTest" name="testInputFileFileNotFound" time="0.003" />
  <testcase classname="za.games.astar.test.GameArcadeTest" name="testPlayGame" time="0.004" />
  <testcase classname="za.games.astar.test.GameArcadeTest" name="testMain" time="0.0" />
  <testcase classname="za.games.astar.test.GameArcadeTest" name="testInputFileValid" time="0.001" />
  <testcase classname="za.games.astar.test.FileValidatorTest" name="testHasMoreThanOneStart" time="0.024">
    <failure type="junit.framework.AssertionFailedError">junit.framework.AssertionFailedError
	at za.games.astar.test.FileValidatorTest.testHasMoreThanOneStart(FileValidatorTest.java:98)
</failure>
  </testcase>
  <testcase classname="za.games.astar.test.FileValidatorTest" name="testHasMoreThanOneGoalChar" time="0.001">
    <failure type="junit.framework.AssertionFailedError">junit.framework.AssertionFailedError
	at za.games.astar.test.FileValidatorTest.testHasMoreThanOneGoalChar(FileValidatorTest.java:137)
</failure>
  </testcase>
  <testcase classname="za.games.astar.test.FileValidatorTest" name="testHasStartChar" time="0.0" />
  <testcase classname="za.games.astar.test.FileValidatorTest" name="testHasNoGoalChar" time="0.0">
    <failure type="junit.framework.AssertionFailedError">junit.framework.AssertionFailedError
	at za.games.astar.test.FileValidatorTest.testHasNoGoalChar(FileValidatorTest.java:125)
</failure>
  </testcase>
  <testcase classname="za.games.astar.test.FileValidatorTest" name="testHasGoalChar" time="0.001" />
  <testcase classname="za.games.astar.test.FileValidatorTest" name="testHasNoStartChar" time="0.0">
    <failure type="junit.framework.AssertionFailedError">junit.framework.AssertionFailedError
	at za.games.astar.test.FileValidatorTest.testHasNoStartChar(FileValidatorTest.java:88)
</failure>
  </testcase>
  <testcase classname="za.games.astar.test.FileValidatorTest" name="testValidChars" time="0.001">
    <error type="java.lang.NullPointerException">java.lang.NullPointerException
	at za.games.astar.utils.FileValidator.validateChars(FileValidator.java:49)
	at za.games.astar.test.FileValidatorTest.testValidChars(FileValidatorTest.java:61)
</error>
  </testcase>
  <testcase classname="za.games.astar.test.AStarPlayerTest" name="testSetBufferedReaderIn" time="0.0">
    <failure message="Not yet implemented" type="junit.framework.AssertionFailedError">junit.framework.AssertionFailedError: Not yet implemented
	at za.games.astar.test.AStarPlayerTest.testSetBufferedReaderIn(AStarPlayerTest.java:54)
</failure>
  </testcase>
  <testcase classname="za.games.astar.test.AStarPlayerTest" name="testStart" time="0.001">
    <failure message="Not yet implemented" type="junit.framework.AssertionFailedError">junit.framework.AssertionFailedError: Not yet implemented
	at za.games.astar.test.AStarPlayerTest.testStart(AStarPlayerTest.java:38)
</failure>
  </testcase>
  <testcase classname="za.games.astar.test.AStarPlayerTest" name="testInit" time="0.001">
    <failure message="Not yet implemented" type="junit.framework.AssertionFailedError">junit.framework.AssertionFailedError: Not yet implemented
	at za.games.astar.test.AStarPlayerTest.testInit(AStarPlayerTest.java:33)
</failure>
  </testcase>
  <testcase classname="za.games.astar.test.AStarPlayerTest" name="testCreateTerrainMap" time="0.0">
    <failure message="Not yet implemented" type="junit.framework.AssertionFailedError">junit.framework.AssertionFailedError: Not yet implemented
	at za.games.astar.test.AStarPlayerTest.testCreateTerrainMap(AStarPlayerTest.java:42)
</failure>
  </testcase>
  <testcase classname="za.games.astar.test.AStarPlayerTest" name="testCalculateHeight" time="0.0">
    <failure message="Not yet implemented" type="junit.framework.AssertionFailedError">junit.framework.AssertionFailedError: Not yet implemented
	at za.games.astar.test.AStarPlayerTest.testCalculateHeight(AStarPlayerTest.java:46)
</failure>
  </testcase>
  <testcase classname="za.games.astar.test.AStarPlayerTest" name="testCalculateWidth" time="0.001">
    <failure message="Not yet implemented" type="junit.framework.AssertionFailedError">junit.framework.AssertionFailedError: Not yet implemented
	at za.games.astar.test.AStarPlayerTest.testCalculateWidth(AStarPlayerTest.java:50)
</failure>
  </testcase>
  <system-out><![CDATA[]]></system-out>
  <system-err><![CDATA[java.io.FileNotFoundException: c:\astarAlg\intput.txt (The system cannot find the path specified)
	at java.io.FileInputStream.open(Native Method)
	at java.io.FileInputStream.<init>(FileInputStream.java:138)
	at java.io.FileInputStream.<init>(FileInputStream.java:97)
	at java.io.FileReader.<init>(FileReader.java:58)
	at za.games.astar.GameArcade.readInputFile(GameArcade.java:81)
	at za.games.astar.GameArcade.<init>(GameArcade.java:39)
	at za.games.astar.test.GameArcadeTest.testInputFileFileNotFound(GameArcadeTest.java:53)
	at sun.reflect.NativeMethodAccessorImpl.invoke0(Native Method)
	at sun.reflect.NativeMethodAccessorImpl.invoke(NativeMethodAccessorImpl.java:57)
	at sun.reflect.DelegatingMethodAccessorImpl.invoke(DelegatingMethodAccessorImpl.java:43)
	at java.lang.reflect.Method.invoke(Method.java:601)
	at junit.framework.TestCase.runTest(TestCase.java:168)
	at junit.framework.TestCase.runBare(TestCase.java:134)
	at junit.framework.TestResult$1.protect(TestResult.java:110)
	at junit.framework.TestResult.runProtected(TestResult.java:128)
	at junit.framework.TestResult.run(TestResult.java:113)
	at junit.framework.TestCase.run(TestCase.java:124)
	at junit.framework.TestSuite.runTest(TestSuite.java:243)
	at junit.framework.TestSuite.run(TestSuite.java:238)
	at junit.framework.TestSuite.runTest(TestSuite.java:243)
	at junit.framework.TestSuite.run(TestSuite.java:238)
	at org.apache.tools.ant.taskdefs.optional.junit.JUnitTestRunner.run(JUnitTestRunner.java:523)
	at org.apache.tools.ant.taskdefs.optional.junit.JUnitTestRunner.launch(JUnitTestRunner.java:1063)
	at org.apache.tools.ant.taskdefs.optional.junit.JUnitTestRunner.main(JUnitTestRunner.java:914)
java.io.FileNotFoundException: c:\astarAlg\intput.txt (The system cannot find the path specified)
	at java.io.FileInputStream.open(Native Method)
	at java.io.FileInputStream.<init>(FileInputStream.java:138)
	at java.io.FileInputStream.<init>(FileInputStream.java:97)
	at java.io.FileReader.<init>(FileReader.java:58)
	at za.games.astar.GameArcade.readInputFile(GameArcade.java:81)
	at za.games.astar.GameArcade.<init>(GameArcade.java:39)
	at za.games.astar.test.GameArcadeTest.testPlayGame(GameArcadeTest.java:66)
	at sun.reflect.NativeMethodAccessorImpl.invoke0(Native Method)
	at sun.reflect.NativeMethodAccessorImpl.invoke(NativeMethodAccessorImpl.java:57)
	at sun.reflect.DelegatingMethodAccessorImpl.invoke(DelegatingMethodAccessorImpl.java:43)
	at java.lang.reflect.Method.invoke(Method.java:601)
	at junit.framework.TestCase.runTest(TestCase.java:168)
	at junit.framework.TestCase.runBare(TestCase.java:134)
	at junit.framework.TestResult$1.protect(TestResult.java:110)
	at junit.framework.TestResult.runProtected(TestResult.java:128)
	at junit.framework.TestResult.run(TestResult.java:113)
	at junit.framework.TestCase.run(TestCase.java:124)
	at junit.framework.TestSuite.runTest(TestSuite.java:243)
	at junit.framework.TestSuite.run(TestSuite.java:238)
	at junit.framework.TestSuite.runTest(TestSuite.java:243)
	at junit.framework.TestSuite.run(TestSuite.java:238)
	at org.apache.tools.ant.taskdefs.optional.junit.JUnitTestRunner.run(JUnitTestRunner.java:523)
	at org.apache.tools.ant.taskdefs.optional.junit.JUnitTestRunner.launch(JUnitTestRunner.java:1063)
	at org.apache.tools.ant.taskdefs.optional.junit.JUnitTestRunner.main(JUnitTestRunner.java:914)
]]></system-err>
</testsuite>
